<?xml version="1.0" encoding="UTF-8"?>
<!-- Generated by org.testng.reporters.JUnitReportReporter -->
<testsuite hostname="LAPTOP-HQIBGPDB" failures="0" tests="1" name="com.openkart.test.propertfileexp" time="8.207" errors="0" timestamp="2022-07-27T23:31:00 IST" skipped="0">
  <testcase classname="com.openkart.test.propertfileexp" name="proper" time="8.207"/>
  <system-out/>
</testsuite> <!-- com.openkart.test.propertfileexp -->
