<?xml version="1.0" encoding="UTF-8"?>
<!-- Generated by org.testng.reporters.JUnitReportReporter -->
<testsuite hostname="LAPTOP-HQIBGPDB" failures="0" tests="4" name="com.openkart.test.flipkarttestcase" time="43.220" errors="0" timestamp="2022-07-28T12:41:30 IST" skipped="0">
  <testcase classname="com.openkart.test.flipkarttestcase" name="f" time="25.683"/>
  <system-out/>
  <testcase classname="com.openkart.test.flipkarttestcase" name="f1" time="10.297"/>
  <system-out/>
  <testcase classname="com.openkart.test.flipkarttestcase" name="f2" time="6.094"/>
  <system-out/>
  <testcase classname="com.openkart.test.flipkarttestcase" name="f3" time="1.146"/>
  <system-out/>
</testsuite> <!-- com.openkart.test.flipkarttestcase -->
