<?xml version="1.0" encoding="UTF-8"?>
<!-- Generated by org.testng.reporters.JUnitReportReporter -->
<testsuite hostname="LAPTOP-HQIBGPDB" failures="0" tests="4" name="com.openkart.test.dataprovider" time="31.863" errors="0" timestamp="2022-09-04T17:10:54 IST" skipped="0">
  <testcase classname="com.openkart.test.dataprovider" name="loginfunction" time="5.147"/>
  <system-out/>
  <testcase classname="com.openkart.test.dataprovider" name="loginfunction" time="5.835"/>
  <system-out/>
  <testcase classname="com.openkart.test.dataprovider" name="open" time="15.601"/>
  <system-out/>
  <testcase classname="com.openkart.test.dataprovider" name="loginfunction" time="5.280"/>
  <system-out/>
</testsuite> <!-- com.openkart.test.dataprovider -->
