<?xml version="1.0" encoding="UTF-8"?>
<!-- Generated by org.testng.reporters.JUnitReportReporter -->
<testsuite hostname="LAPTOP-HQIBGPDB" failures="0" tests="3" name="com.openkart.test.sampleTestNGclass" time="29.232" errors="0" timestamp="2022-09-04T17:18:43 IST" skipped="0">
  <testcase classname="com.openkart.test.sampleTestNGclass" name="f2" time="7.297"/>
  <system-out/>
  <testcase classname="com.openkart.test.sampleTestNGclass" name="f1" time="7.644"/>
  <system-out/>
  <testcase classname="com.openkart.test.sampleTestNGclass" name="f" time="14.291"/>
  <system-out/>
</testsuite> <!-- com.openkart.test.sampleTestNGclass -->
