<?xml version="1.0" encoding="UTF-8"?>
<!-- Generated by org.testng.reporters.JUnitReportReporter -->
<testsuite hostname="LAPTOP-HQIBGPDB" failures="0" tests="4" name="com.openkart.test.emicalculaterproject" time="18.294" errors="0" timestamp="2022-09-04T16:41:48 IST" skipped="0">
  <testcase classname="com.openkart.test.emicalculaterproject" name="clculater" time="14.526"/>
  <system-out/>
  <testcase classname="com.openkart.test.emicalculaterproject" name="perfom" time="3.696"/>
  <system-out/>
  <testcase classname="com.openkart.test.emicalculaterproject" name="check" time="0.070"/>
  <system-out/>
  <testcase classname="com.openkart.test.emicalculaterproject" name="close" time="0.002"/>
  <system-out/>
</testsuite> <!-- com.openkart.test.emicalculaterproject -->
