<?xml version="1.0" encoding="UTF-8"?>
<!-- Generated by org.testng.reporters.JUnitReportReporter -->
<testsuite hostname="LAPTOP-HQIBGPDB" failures="0" tests="1" name="com.openkart.test.propertyfile" time="5.898" errors="0" timestamp="2022-07-25T22:25:31 IST" skipped="0">
  <testcase classname="com.openkart.test.propertyfile" name="openurl1" time="5.898"/>
  <system-out/>
</testsuite> <!-- com.openkart.test.propertyfile -->
