<?xml version="1.0" encoding="UTF-8"?>
<!-- Generated by org.testng.reporters.JUnitReportReporter -->
<testsuite hostname="LAPTOP-HQIBGPDB" failures="0" tests="1" name="com.openkart.test.bookmytripp" time="23.078" errors="0" timestamp="2022-09-04T17:21:16 IST" skipped="0">
  <testcase classname="com.openkart.test.bookmytripp" name="f" time="23.078"/>
  <system-out/>
</testsuite> <!-- com.openkart.test.bookmytripp -->
