<?xml version="1.0" encoding="UTF-8"?>
<!-- Generated by org.testng.reporters.JUnitReportReporter -->
<testsuite hostname="LAPTOP-HQIBGPDB" failures="0" tests="1" name="com.openkart.test.facebookexel" time="22.742" errors="0" timestamp="2022-08-09T21:43:32 IST" skipped="0">
  <testcase classname="com.openkart.test.facebookexel" name="f" time="22.742"/>
  <system-out/>
</testsuite> <!-- com.openkart.test.facebookexel -->
