<?xml version="1.0" encoding="UTF-8"?>
<!-- Generated by org.testng.reporters.JUnitReportReporter -->
<testsuite hostname="LAPTOP-HQIBGPDB" failures="0" tests="1" name="com.openkart.test.amazoncasess1" time="120.166" errors="0" timestamp="2022-08-09T21:41:51 IST" skipped="0">
  <testcase classname="com.openkart.test.amazoncasess1" name="f" time="120.166"/>
  <system-out/>
</testsuite> <!-- com.openkart.test.amazoncasess1 -->
