<?xml version="1.0" encoding="UTF-8"?>
<!-- Generated by org.testng.reporters.JUnitReportReporter -->
<testsuite hostname="LAPTOP-HQIBGPDB" failures="0" tests="3" name="com.openkart.test.testannotationexample" time="8.408" errors="0" timestamp="2022-08-08T22:01:57 IST" skipped="0">
  <testcase classname="com.openkart.test.testannotationexample" name="openurl1" time="7.699"/>
  <system-out/>
  <testcase classname="com.openkart.test.testannotationexample" name="logins" time="0.281"/>
  <system-out/>
  <testcase classname="com.openkart.test.testannotationexample" name="close" time="0.428"/>
  <system-out/>
</testsuite> <!-- com.openkart.test.testannotationexample -->
