<?xml version="1.0" encoding="UTF-8"?>
<!-- Generated by org.testng.reporters.JUnitReportReporter -->
<testsuite hostname="LAPTOP-HQIBGPDB" failures="0" tests="1" name="com.openkart.test.amazoneexcel" time="14.740" errors="0" timestamp="2022-07-24T21:46:23 IST" skipped="0">
  <testcase classname="com.openkart.test.amazoneexcel" name="f" time="14.740"/>
  <system-out/>
</testsuite> <!-- com.openkart.test.amazoneexcel -->
