<?xml version="1.0" encoding="UTF-8"?>
<!-- Generated by org.testng.reporters.JUnitReportReporter -->
<testsuite hostname="LAPTOP-HQIBGPDB" failures="0" tests="5" name="com.openkart.test.orangHRMclass" time="11.557" errors="0" timestamp="2022-07-23T09:57:31 IST" skipped="0">
  <testcase classname="com.openkart.test.orangHRMclass" name="orange" time="11.437"/>
  <system-out/>
  <testcase classname="com.openkart.test.orangHRMclass" name="orangeclick" time="0.025"/>
  <system-out/>
  <testcase classname="com.openkart.test.orangHRMclass" name="addcart" time="0.017"/>
  <system-out/>
  <testcase classname="com.openkart.test.orangHRMclass" name="orangealert" time="0.073"/>
  <system-out/>
  <testcase classname="com.openkart.test.orangHRMclass" name="close" time="0.005"/>
  <system-out/>
</testsuite> <!-- com.openkart.test.orangHRMclass -->
